

Started GET "/test_mailer" for 127.0.0.1 at 2012-08-29 18:45:22 -0600

ActionController::RoutingError (No route matches [GET] "/test_mailer"):
  

Rendered /Users/David/Developer/.rvm/gems/ruby-1.9.2-p290@summarize/gems/actionpack-3.1.3/lib/action_dispatch/middleware/templates/rescues/routing_error.erb within rescues/layout (19.8ms)


Started GET "/favicon.ico" for 127.0.0.1 at 2012-08-29 18:45:24 -0600

ActionController::RoutingError (No route matches [GET] "/favicon.ico"):
  

Rendered /Users/David/Developer/.rvm/gems/ruby-1.9.2-p290@summarize/gems/actionpack-3.1.3/lib/action_dispatch/middleware/templates/rescues/routing_error.erb within rescues/layout (1.1ms)


Started GET "/test_mailer" for 127.0.0.1 at 2012-08-29 18:45:49 -0600
  Processing by ApplicationController#test_mailer as HTML
Completed 500 Internal Server Error in 1ms

RuntimeError (hell):
  app/controllers/application_controller.rb:5:in `test_mailer'

Rendered /Users/David/Developer/.rvm/gems/ruby-1.9.2-p290@summarize/gems/actionpack-3.1.3/lib/action_dispatch/middleware/templates/rescues/_trace.erb (2.5ms)
Rendered /Users/David/Developer/.rvm/gems/ruby-1.9.2-p290@summarize/gems/actionpack-3.1.3/lib/action_dispatch/middleware/templates/rescues/_request_and_response.erb (1.7ms)
Rendered /Users/David/Developer/.rvm/gems/ruby-1.9.2-p290@summarize/gems/actionpack-3.1.3/lib/action_dispatch/middleware/templates/rescues/diagnostics.erb within rescues/layout (30.3ms)


Started GET "/favicon.ico" for 127.0.0.1 at 2012-08-29 18:45:50 -0600

ActionController::RoutingError (No route matches [GET] "/favicon.ico"):
  

Rendered /Users/David/Developer/.rvm/gems/ruby-1.9.2-p290@summarize/gems/actionpack-3.1.3/lib/action_dispatch/middleware/templates/rescues/routing_error.erb within rescues/layout (1.1ms)


Started GET "/test_mailer" for 127.0.0.1 at 2012-08-29 18:46:07 -0600
  Processing by ApplicationController#test_mailer as HTML
Completed 500 Internal Server Error in 0ms

RuntimeError (hell):
  app/controllers/application_controller.rb:5:in `test_mailer'

Rendered /Users/David/Developer/.rvm/gems/ruby-1.9.2-p290@summarize/gems/actionpack-3.1.3/lib/action_dispatch/middleware/templates/rescues/_trace.erb (2.1ms)
Rendered /Users/David/Developer/.rvm/gems/ruby-1.9.2-p290@summarize/gems/actionpack-3.1.3/lib/action_dispatch/middleware/templates/rescues/_request_and_response.erb (1.5ms)
Rendered /Users/David/Developer/.rvm/gems/ruby-1.9.2-p290@summarize/gems/actionpack-3.1.3/lib/action_dispatch/middleware/templates/rescues/diagnostics.erb within rescues/layout (6.3ms)


Started GET "/favicon.ico" for 127.0.0.1 at 2012-08-29 18:46:07 -0600

ActionController::RoutingError (No route matches [GET] "/favicon.ico"):
  

Rendered /Users/David/Developer/.rvm/gems/ruby-1.9.2-p290@summarize/gems/actionpack-3.1.3/lib/action_dispatch/middleware/templates/rescues/routing_error.erb within rescues/layout (1.2ms)


Started GET "/test_mailer" for 127.0.0.1 at 2012-08-29 18:46:24 -0600
  Processing by ApplicationController#test_mailer as HTML

Sent mail to david@quickleft.com (123ms)
Completed 500 Internal Server Error in 241ms

ArgumentError (A sender (Return-Path, Sender or From) required to send a message):
  app/controllers/application_controller.rb:5:in `test_mailer'

Rendered /Users/David/Developer/.rvm/gems/ruby-1.9.2-p290@summarize/gems/actionpack-3.1.3/lib/action_dispatch/middleware/templates/rescues/_trace.erb (2.6ms)
Rendered /Users/David/Developer/.rvm/gems/ruby-1.9.2-p290@summarize/gems/actionpack-3.1.3/lib/action_dispatch/middleware/templates/rescues/_request_and_response.erb (2.1ms)
Rendered /Users/David/Developer/.rvm/gems/ruby-1.9.2-p290@summarize/gems/actionpack-3.1.3/lib/action_dispatch/middleware/templates/rescues/diagnostics.erb within rescues/layout (27.7ms)


Started GET "/favicon.ico" for 127.0.0.1 at 2012-08-29 18:46:26 -0600

ActionController::RoutingError (No route matches [GET] "/favicon.ico"):
  

Rendered /Users/David/Developer/.rvm/gems/ruby-1.9.2-p290@summarize/gems/actionpack-3.1.3/lib/action_dispatch/middleware/templates/rescues/routing_error.erb within rescues/layout (1.0ms)


Started GET "/test_mailer" for 127.0.0.1 at 2012-08-29 18:47:17 -0600
  Processing by ApplicationController#test_mailer as HTML

Sent mail to david@quickleft.com (1053ms)
Completed 500 Internal Server Error in 1197ms

Net::SMTPAuthenticationError (535 Authentication failed: Bad username / password
):
  app/controllers/application_controller.rb:5:in `test_mailer'

Rendered /Users/David/Developer/.rvm/gems/ruby-1.9.2-p290@summarize/gems/actionpack-3.1.3/lib/action_dispatch/middleware/templates/rescues/_trace.erb (2.4ms)
Rendered /Users/David/Developer/.rvm/gems/ruby-1.9.2-p290@summarize/gems/actionpack-3.1.3/lib/action_dispatch/middleware/templates/rescues/_request_and_response.erb (1.8ms)
Rendered /Users/David/Developer/.rvm/gems/ruby-1.9.2-p290@summarize/gems/actionpack-3.1.3/lib/action_dispatch/middleware/templates/rescues/diagnostics.erb within rescues/layout (25.1ms)


Started GET "/favicon.ico" for 127.0.0.1 at 2012-08-29 18:47:19 -0600

ActionController::RoutingError (No route matches [GET] "/favicon.ico"):
  

Rendered /Users/David/Developer/.rvm/gems/ruby-1.9.2-p290@summarize/gems/actionpack-3.1.3/lib/action_dispatch/middleware/templates/rescues/routing_error.erb within rescues/layout (1.0ms)


Started GET "/test_mailer" for 127.0.0.1 at 2012-08-29 18:49:06 -0600
  Processing by ApplicationController#test_mailer as HTML

Sent mail to david@quickleft.com (922ms)
Completed 500 Internal Server Error in 1061ms

Net::SMTPAuthenticationError (535 Authentication failed: Bad username / password
):
  app/controllers/application_controller.rb:5:in `test_mailer'

Rendered /Users/David/Developer/.rvm/gems/ruby-1.9.2-p290@summarize/gems/actionpack-3.1.3/lib/action_dispatch/middleware/templates/rescues/_trace.erb (2.4ms)
Rendered /Users/David/Developer/.rvm/gems/ruby-1.9.2-p290@summarize/gems/actionpack-3.1.3/lib/action_dispatch/middleware/templates/rescues/_request_and_response.erb (1.7ms)
Rendered /Users/David/Developer/.rvm/gems/ruby-1.9.2-p290@summarize/gems/actionpack-3.1.3/lib/action_dispatch/middleware/templates/rescues/diagnostics.erb within rescues/layout (26.1ms)


Started GET "/favicon.ico" for 127.0.0.1 at 2012-08-29 18:49:08 -0600

ActionController::RoutingError (No route matches [GET] "/favicon.ico"):
  

Rendered /Users/David/Developer/.rvm/gems/ruby-1.9.2-p290@summarize/gems/actionpack-3.1.3/lib/action_dispatch/middleware/templates/rescues/routing_error.erb within rescues/layout (1.0ms)


Started GET "/test_mailer" for 127.0.0.1 at 2012-08-29 18:51:18 -0600
  Processing by ApplicationController#test_mailer as HTML

Sent mail to david@quickleft.com (938ms)
Completed 500 Internal Server Error in 1078ms

Net::SMTPAuthenticationError (535 Authentication failed: Bad username / password
):
  app/controllers/application_controller.rb:5:in `test_mailer'

Rendered /Users/David/Developer/.rvm/gems/ruby-1.9.2-p290@summarize/gems/actionpack-3.1.3/lib/action_dispatch/middleware/templates/rescues/_trace.erb (2.4ms)
Rendered /Users/David/Developer/.rvm/gems/ruby-1.9.2-p290@summarize/gems/actionpack-3.1.3/lib/action_dispatch/middleware/templates/rescues/_request_and_response.erb (2.0ms)
Rendered /Users/David/Developer/.rvm/gems/ruby-1.9.2-p290@summarize/gems/actionpack-3.1.3/lib/action_dispatch/middleware/templates/rescues/diagnostics.erb within rescues/layout (27.4ms)


Started GET "/favicon.ico" for 127.0.0.1 at 2012-08-29 18:51:20 -0600

ActionController::RoutingError (No route matches [GET] "/favicon.ico"):
  

Rendered /Users/David/Developer/.rvm/gems/ruby-1.9.2-p290@summarize/gems/actionpack-3.1.3/lib/action_dispatch/middleware/templates/rescues/routing_error.erb within rescues/layout (1.1ms)


Started GET "/test_mailer" for 127.0.0.1 at 2012-08-29 18:58:33 -0600
  Processing by ApplicationController#test_mailer as HTML

Sent mail to david@quickleft.com (1510ms)
Completed 500 Internal Server Error in 1740ms

ActionView::MissingTemplate (Missing template application/test_mailer with {:handlers=>[:erb, :builder], :formats=>[:html], :locale=>[:en, :en]}. Searched in:
  * "/Users/David/Desktop/dev/summarize/app/views"
):
  

Rendered /Users/David/Developer/.rvm/gems/ruby-1.9.2-p290@summarize/gems/actionpack-3.1.3/lib/action_dispatch/middleware/templates/rescues/missing_template.erb within rescues/layout (62.9ms)


Started GET "/favicon.ico" for 127.0.0.1 at 2012-08-29 18:58:36 -0600

ActionController::RoutingError (No route matches [GET] "/favicon.ico"):
  

Rendered /Users/David/Developer/.rvm/gems/ruby-1.9.2-p290@summarize/gems/actionpack-3.1.3/lib/action_dispatch/middleware/templates/rescues/routing_error.erb within rescues/layout (1.1ms)
